<?xml version="1.0" encoding="UTF-8"?>
<!-- Generated by org.testng.reporters.JUnitReportReporter -->
<testsuite hostname="MA-World" failures="0" tests="2" name="testpkg.SB_Tests" time="37.148" errors="0" timestamp="2024-02-16T16:24:04 IST" skipped="0">
  <testcase classname="testpkg.SB_Tests" name="Verify_login_with_valid_credentials" time="14.325"/>
  <system-out/>
  <testcase classname="testpkg.SB_Tests" name="View_menu_add_to_cart" time="22.823"/>
  <system-out/>
</testsuite> <!-- testpkg.SB_Tests -->
