<?xml version="1.0" encoding="UTF-8"?>
<!-- Generated by org.testng.reporters.JUnitReportReporter -->
<testsuite hostname="MA-World" failures="0" tests="1" name="testpkg.SB_Tests" time="13.752" errors="0" timestamp="2024-02-09T19:50:10 IST" skipped="0">
  <testcase classname="testpkg.SB_Tests" name="Verify_login_with_valid_credentials" time="13.752"/>
  <system-out/>
</testsuite> <!-- testpkg.SB_Tests -->
